[debug] [2021-10-17T14:32:57.052Z] ----------------------------------------------------------------------
[debug] [2021-10-17T14:32:57.057Z] Command:       C:\Program Files\nodejs\node.exe C:\Users\Дмитрий\AppData\Roaming\npm\node_modules\firebase-tools\lib\bin\firebase.js deploy
[debug] [2021-10-17T14:32:57.058Z] CLI Version:   9.20.0
[debug] [2021-10-17T14:32:57.058Z] Platform:      win32
[debug] [2021-10-17T14:32:57.059Z] Node Version:  v14.17.5
[debug] [2021-10-17T14:32:57.061Z] Time:          Sun Oct 17 2021 17:32:57 GMT+0300 (Москва, стандартное время)
[debug] [2021-10-17T14:32:57.061Z] ----------------------------------------------------------------------
[debug] 
[debug] [2021-10-17T14:32:57.192Z] > command requires scopes: ["email","openid","https://www.googleapis.com/auth/cloudplatformprojects.readonly","https://www.googleapis.com/auth/firebase","https://www.googleapis.com/auth/cloud-platform"]
[debug] [2021-10-17T14:32:57.192Z] > authorizing via signed-in user (gopaletobay@gmail.com)
[debug] [2021-10-17T14:32:57.193Z] [iam] checking project calculator-ibu for permissions ["firebase.projects.get","firebasehosting.sites.update"]
[debug] [2021-10-17T14:32:57.197Z] >>> HTTP REQUEST POST https://cloudresourcemanager.googleapis.com/v1/projects/calculator-ibu:testIamPermissions  
 {"permissions":["firebase.projects.get","firebasehosting.sites.update"]}
[debug] [2021-10-17T14:32:58.081Z] <<< HTTP RESPONSE 200 {"content-type":"application/json; charset=UTF-8","vary":"X-Origin, Referer, Origin,Accept-Encoding","date":"Sun, 17 Oct 2021 14:30:45 GMT","server":"ESF","cache-control":"private","x-xss-protection":"0","x-frame-options":"SAMEORIGIN","x-content-type-options":"nosniff","server-timing":"gfet4t7; dur=711","alt-svc":"h3=\":443\"; ma=2592000,h3-29=\":443\"; ma=2592000,h3-T051=\":443\"; ma=2592000,h3-Q050=\":443\"; ma=2592000,h3-Q046=\":443\"; ma=2592000,h3-Q043=\":443\"; ma=2592000,quic=\":443\"; ma=2592000; v=\"46,43\"","accept-ranges":"none","transfer-encoding":"chunked"}
[debug] [2021-10-17T14:32:58.085Z] > refreshing access token with scopes: []
[debug] [2021-10-17T14:32:58.085Z] >>> HTTP REQUEST POST https://www.googleapis.com/oauth2/v3/token  
 <request body omitted>
[debug] [2021-10-17T14:32:58.252Z] <<< HTTP RESPONSE 200 {"date":"Sun, 17 Oct 2021 14:30:45 GMT","expires":"Mon, 01 Jan 1990 00:00:00 GMT","pragma":"no-cache","cache-control":"no-cache, no-store, max-age=0, must-revalidate","content-type":"application/json; charset=utf-8","vary":"X-Origin, Referer, Origin,Accept-Encoding","server":"scaffolding on HTTPServer2","x-xss-protection":"0","x-frame-options":"SAMEORIGIN","x-content-type-options":"nosniff","alt-svc":"h3=\":443\"; ma=2592000,h3-29=\":443\"; ma=2592000,h3-T051=\":443\"; ma=2592000,h3-Q050=\":443\"; ma=2592000,h3-Q046=\":443\"; ma=2592000,h3-Q043=\":443\"; ma=2592000,quic=\":443\"; ma=2592000; v=\"46,43\"","accept-ranges":"none","transfer-encoding":"chunked"}
[debug] [2021-10-17T14:32:58.312Z] >>> [apiv2][query] GET https://firebase.googleapis.com/v1beta1/projects/calculator-ibu [none]
[debug] [2021-10-17T14:32:58.652Z] <<< [apiv2][status] GET https://firebase.googleapis.com/v1beta1/projects/calculator-ibu 200
[debug] [2021-10-17T14:32:58.652Z] <<< [apiv2][body] GET https://firebase.googleapis.com/v1beta1/projects/calculator-ibu {"projectId":"calculator-ibu","projectNumber":"425290532859","displayName":"Calc IBU","name":"projects/calculator-ibu","resources":{"hostingSite":"calculator-ibu"},"state":"ACTIVE"}
[info] 
[info] === Deploying to 'calculator-ibu'...
[info] 
[info] i  deploying hosting 
[debug] [2021-10-17T14:32:58.660Z] > refreshing access token with scopes: ["email","https://www.googleapis.com/auth/cloud-platform","https://www.googleapis.com/auth/cloudplatformprojects.readonly","https://www.googleapis.com/auth/firebase","openid"]
[debug] [2021-10-17T14:32:58.660Z] >>> HTTP REQUEST POST https://www.googleapis.com/oauth2/v3/token  
 <request body omitted>
[debug] [2021-10-17T14:32:58.800Z] <<< HTTP RESPONSE 200 {"pragma":"no-cache","expires":"Mon, 01 Jan 1990 00:00:00 GMT","cache-control":"no-cache, no-store, max-age=0, must-revalidate","date":"Sun, 17 Oct 2021 14:30:46 GMT","content-type":"application/json; charset=utf-8","vary":"X-Origin, Referer, Origin,Accept-Encoding","server":"scaffolding on HTTPServer2","x-xss-protection":"0","x-frame-options":"SAMEORIGIN","x-content-type-options":"nosniff","alt-svc":"h3=\":443\"; ma=2592000,h3-29=\":443\"; ma=2592000,h3-T051=\":443\"; ma=2592000,h3-Q050=\":443\"; ma=2592000,h3-Q046=\":443\"; ma=2592000,h3-Q043=\":443\"; ma=2592000,quic=\":443\"; ma=2592000; v=\"46,43\"","accept-ranges":"none","transfer-encoding":"chunked"}
[debug] [2021-10-17T14:32:58.866Z] >>> HTTP REQUEST POST https://firebasehosting.googleapis.com/v1beta1/sites/calculator-ibu/versions  
 {"config":{"rewrites":[{"glob":"**","path":"/index.html"}]},"labels":{"deployment-tool":"cli-firebase"}}
[debug] [2021-10-17T14:33:00.205Z] <<< HTTP RESPONSE 200 {"content-type":"application/json; charset=UTF-8","vary":"X-Origin, Referer, Origin,Accept-Encoding","date":"Sun, 17 Oct 2021 14:30:47 GMT","server":"ESF","cache-control":"private","x-xss-protection":"0","x-frame-options":"SAMEORIGIN","x-content-type-options":"nosniff","alt-svc":"h3=\":443\"; ma=2592000,h3-29=\":443\"; ma=2592000,h3-T051=\":443\"; ma=2592000,h3-Q050=\":443\"; ma=2592000,h3-Q046=\":443\"; ma=2592000,h3-Q043=\":443\"; ma=2592000,quic=\":443\"; ma=2592000; v=\"46,43\"","accept-ranges":"none","transfer-encoding":"chunked"}
[info] i  hosting[calculator-ibu]: beginning deploy... 
[info] i  hosting[calculator-ibu]: found 14 files in build 
[debug] [2021-10-17T14:33:00.234Z] > refreshing access token with scopes: []
[debug] [2021-10-17T14:33:00.235Z] >>> HTTP REQUEST POST https://www.googleapis.com/oauth2/v3/token  
 <request body omitted>
[debug] [2021-10-17T14:33:00.238Z] [hosting] hash cache [YnVpbGQ] stored for 14 files
[debug] [2021-10-17T14:33:00.238Z] [hosting][hash queue][FINAL] {"max":4,"min":1,"avg":1,"active":0,"complete":14,"success":14,"errored":0,"retried":0,"total":14,"elapsed":8}
[debug] [2021-10-17T14:33:00.375Z] <<< HTTP RESPONSE 200 {"cache-control":"no-cache, no-store, max-age=0, must-revalidate","expires":"Mon, 01 Jan 1990 00:00:00 GMT","pragma":"no-cache","date":"Sun, 17 Oct 2021 14:30:47 GMT","content-type":"application/json; charset=utf-8","vary":"X-Origin, Referer, Origin,Accept-Encoding","server":"scaffolding on HTTPServer2","x-xss-protection":"0","x-frame-options":"SAMEORIGIN","x-content-type-options":"nosniff","alt-svc":"h3=\":443\"; ma=2592000,h3-29=\":443\"; ma=2592000,h3-T051=\":443\"; ma=2592000,h3-Q050=\":443\"; ma=2592000,h3-Q046=\":443\"; ma=2592000,h3-Q043=\":443\"; ma=2592000,quic=\":443\"; ma=2592000; v=\"46,43\"","accept-ranges":"none","transfer-encoding":"chunked"}
[debug] [2021-10-17T14:33:00.435Z] >>> [apiv2][query] POST https://firebasehosting.googleapis.com/v1beta1/sites/calculator-ibu/versions/042848ce5687c70b:populateFiles [none]
[debug] [2021-10-17T14:33:00.435Z] >>> [apiv2][body] POST https://firebasehosting.googleapis.com/v1beta1/sites/calculator-ibu/versions/042848ce5687c70b:populateFiles {"files":{"/asset-manifest.json":"819bd5ed64202f2a6e02312e225a76a5e5c6a5067576022c89baf6d56fcd86a0","/favicon.ico":"506b711ebacbd2ea7e5c16cfd7aa9c0967e7005916d652de30c6c225bb4ffa80","/index.html":"1e90317c5136c65b5b860916ec303da9a1dbd154b83efae5c5efae4b333d5ece","/manifest.json":"aff3449bdc238776f5d6d967f19ec491b36aed5fb7f23ccff6500736fd58494a","/robots.txt":"bfe106a3fb878dc83461c86818bf74fc1bdc7f28538ba613cd3e775516ce8b49","/static/css/main.7bb080fe.chunk.css":"bc628b02be7d30656b09eefec91656b8e258944a6b2096c39e3e588227c1199d","/static/css/main.7bb080fe.chunk.css.map":"44b54065df50e3abb1376069ba9d286d5e1964991dcbc3c6f34398da9590861d","/static/js/2.d3101800.chunk.js":"519faa295e11d946b40561baa5df8746eba9df6fc388bcb89488b6b6bf54a0f9","/static/js/2.d3101800.chunk.js.LICENSE.txt":"344f60d92805a3f6078799efe3001c0746af425c166ecf1779b9a58f0ef566af","/static/js/2.d3101800.chunk.js.map":"9a40e58f33f54c1d4a1a307e8ab9d519a0de071b1957336e0f90018f71b0b82b","/static/js/main.96dfa359.chunk.js":"28a8bca7bc7e05f3346b642f3e9a7c5f8c878e8e4a5e59f7adcd92adbeb69f62","/static/js/main.96dfa359.chunk.js.map":"970d8a1778c3470c7e3df6926ddda41044fcb66441933c11f419d4ca1938468e","/static/js/runtime-main.02cbbcac.js":"9be3f4808ee2056b3cbf4bf14f7f9b7df745595762007d692f603ced03e533f9","/static/js/runtime-main.02cbbcac.js.map":"4923c2177f31a1d37b192d6c8bfd0daf04f8d9f23e91aa1d179727f47388cc28"}}
[debug] [2021-10-17T14:33:01.588Z] <<< [apiv2][status] POST https://firebasehosting.googleapis.com/v1beta1/sites/calculator-ibu/versions/042848ce5687c70b:populateFiles 200
[debug] [2021-10-17T14:33:01.588Z] <<< [apiv2][body] POST https://firebasehosting.googleapis.com/v1beta1/sites/calculator-ibu/versions/042848ce5687c70b:populateFiles {"uploadUrl":"https://upload-firebasehosting.googleapis.com/upload/sites/calculator-ibu/versions/042848ce5687c70b/files"}
[debug] [2021-10-17T14:33:01.589Z] [hosting][populate queue][FINAL] {"max":1355,"min":1355,"avg":1355,"active":0,"complete":1,"success":1,"errored":0,"retried":0,"total":1,"elapsed":1355}
[debug] [2021-10-17T14:33:01.589Z] [hosting] uploads queued: 0
[debug] [2021-10-17T14:33:01.590Z] [hosting][upload queue][FINAL] {"max":0,"min":9999999999,"avg":0,"active":0,"complete":0,"success":0,"errored":0,"retried":0,"total":0,"elapsed":1634481181590}
[info] +  hosting[calculator-ibu]: file upload complete 
[debug] [2021-10-17T14:33:01.591Z] [hosting] deploy completed after 1384ms
[debug] [2021-10-17T14:33:01.596Z] [
  {
    "config": {
      "public": "build",
      "ignore": [
        "firebase.json",
        "**/.*",
        "**/node_modules/**"
      ],
      "rewrites": [
        {
          "source": "**",
          "destination": "/index.html"
        }
      ],
      "site": "calculator-ibu"
    },
    "site": "calculator-ibu",
    "version": "sites/calculator-ibu/versions/042848ce5687c70b"
  }
]
[info] i  hosting[calculator-ibu]: finalizing version... 
[debug] [2021-10-17T14:33:01.598Z] > refreshing access token with scopes: ["email","https://www.googleapis.com/auth/cloud-platform","https://www.googleapis.com/auth/cloudplatformprojects.readonly","https://www.googleapis.com/auth/firebase","openid"]
[debug] [2021-10-17T14:33:01.598Z] >>> HTTP REQUEST POST https://www.googleapis.com/oauth2/v3/token  
 <request body omitted>
[debug] [2021-10-17T14:33:01.816Z] <<< HTTP RESPONSE 200 {"expires":"Mon, 01 Jan 1990 00:00:00 GMT","pragma":"no-cache","date":"Sun, 17 Oct 2021 14:30:49 GMT","cache-control":"no-cache, no-store, max-age=0, must-revalidate","content-type":"application/json; charset=utf-8","vary":"X-Origin, Referer, Origin,Accept-Encoding","server":"scaffolding on HTTPServer2","x-xss-protection":"0","x-frame-options":"SAMEORIGIN","x-content-type-options":"nosniff","alt-svc":"h3=\":443\"; ma=2592000,h3-29=\":443\"; ma=2592000,h3-T051=\":443\"; ma=2592000,h3-Q050=\":443\"; ma=2592000,h3-Q046=\":443\"; ma=2592000,h3-Q043=\":443\"; ma=2592000,quic=\":443\"; ma=2592000; v=\"46,43\"","accept-ranges":"none","transfer-encoding":"chunked"}
[debug] [2021-10-17T14:33:02.115Z] >>> HTTP REQUEST PATCH https://firebasehosting.googleapis.com/v1beta1/sites/calculator-ibu/versions/042848ce5687c70b?updateMask=status  
 {"status":"FINALIZED"}
[debug] [2021-10-17T14:33:03.277Z] <<< HTTP RESPONSE 200 {"content-type":"application/json; charset=UTF-8","vary":"X-Origin, Referer, Origin,Accept-Encoding","date":"Sun, 17 Oct 2021 14:30:50 GMT","server":"ESF","cache-control":"private","x-xss-protection":"0","x-frame-options":"SAMEORIGIN","x-content-type-options":"nosniff","alt-svc":"h3=\":443\"; ma=2592000,h3-29=\":443\"; ma=2592000,h3-T051=\":443\"; ma=2592000,h3-Q050=\":443\"; ma=2592000,h3-Q046=\":443\"; ma=2592000,h3-Q043=\":443\"; ma=2592000,quic=\":443\"; ma=2592000; v=\"46,43\"","accept-ranges":"none","transfer-encoding":"chunked"}
[debug] [2021-10-17T14:33:03.278Z] [hosting] finalized version for calculator-ibu: {"name":"sites/calculator-ibu/versions/042848ce5687c70b","status":"FINALIZED","config":{"rewrites":[{"glob":"**","path":"/index.html"}]},"labels":{"deployment-tool":"cli-firebase"},"createTime":"2021-10-17T14:30:47.034923Z","createUser":{"email":"gopaletobay@gmail.com"},"finalizeTime":"2021-10-17T14:30:50.455572Z","finalizeUser":{"email":"gopaletobay@gmail.com"}}
[info] +  hosting[calculator-ibu]: version finalized 
[info] i  hosting[calculator-ibu]: releasing new version... 
[debug] [2021-10-17T14:33:03.280Z] >>> HTTP REQUEST POST https://firebasehosting.googleapis.com/v1beta1/sites/calculator-ibu/releases?version_name=sites/calculator-ibu/versions/042848ce5687c70b  
 {"message":null}
[debug] [2021-10-17T14:33:04.394Z] <<< HTTP RESPONSE 200 {"content-type":"application/json; charset=UTF-8","vary":"X-Origin, Referer, Origin,Accept-Encoding","date":"Sun, 17 Oct 2021 14:30:51 GMT","server":"ESF","cache-control":"private","x-xss-protection":"0","x-frame-options":"SAMEORIGIN","x-content-type-options":"nosniff","alt-svc":"h3=\":443\"; ma=2592000,h3-29=\":443\"; ma=2592000,h3-T051=\":443\"; ma=2592000,h3-Q050=\":443\"; ma=2592000,h3-Q046=\":443\"; ma=2592000,h3-Q043=\":443\"; ma=2592000,quic=\":443\"; ma=2592000; v=\"46,43\"","accept-ranges":"none","transfer-encoding":"chunked"}
[debug] [2021-10-17T14:33:04.395Z] [hosting] release: {"name":"sites/calculator-ibu/releases/1634481050914332","version":{"name":"sites/calculator-ibu/versions/042848ce5687c70b","status":"FINALIZED","config":{"rewrites":[{"glob":"**","path":"/index.html"}]},"labels":{"deployment-tool":"cli-firebase"},"createTime":"2021-10-17T14:30:47.034923Z","createUser":{"email":"gopaletobay@gmail.com"},"finalizeTime":"2021-10-17T14:30:50.455572Z","finalizeUser":{"email":"gopaletobay@gmail.com"}},"type":"DEPLOY","releaseTime":"2021-10-17T14:30:50.914332666Z","releaseUser":{"email":"gopaletobay@gmail.com"}}
[info] +  hosting[calculator-ibu]: release complete 
[info] 
[info] +  Deploy complete! 
[info] 
[info] Project Console: https://console.firebase.google.com/project/calculator-ibu/overview
[info] Hosting URL: https://calculator-ibu.web.app
[debug] [2021-10-17T14:33:25.381Z] ----------------------------------------------------------------------
[debug] [2021-10-17T14:33:25.386Z] Command:       C:\Program Files\nodejs\node.exe C:\Users\Дмитрий\AppData\Roaming\npm\node_modules\firebase-tools\lib\bin\firebase.js deploy
[debug] [2021-10-17T14:33:25.386Z] CLI Version:   9.20.0
[debug] [2021-10-17T14:33:25.387Z] Platform:      win32
[debug] [2021-10-17T14:33:25.387Z] Node Version:  v14.17.5
[debug] [2021-10-17T14:33:25.389Z] Time:          Sun Oct 17 2021 17:33:25 GMT+0300 (Москва, стандартное время)
[debug] [2021-10-17T14:33:25.389Z] ----------------------------------------------------------------------
[debug] 
[debug] [2021-10-17T14:33:25.509Z] > command requires scopes: ["email","openid","https://www.googleapis.com/auth/cloudplatformprojects.readonly","https://www.googleapis.com/auth/firebase","https://www.googleapis.com/auth/cloud-platform"]
[debug] [2021-10-17T14:33:25.509Z] > authorizing via signed-in user (gopaletobay@gmail.com)
[debug] [2021-10-17T14:33:25.510Z] [iam] checking project calculator-ibu for permissions ["firebase.projects.get","firebasehosting.sites.update"]
[debug] [2021-10-17T14:33:25.514Z] >>> HTTP REQUEST POST https://cloudresourcemanager.googleapis.com/v1/projects/calculator-ibu:testIamPermissions  
 {"permissions":["firebase.projects.get","firebasehosting.sites.update"]}
[debug] [2021-10-17T14:33:26.405Z] <<< HTTP RESPONSE 200 {"content-type":"application/json; charset=UTF-8","vary":"X-Origin, Referer, Origin,Accept-Encoding","date":"Sun, 17 Oct 2021 14:31:13 GMT","server":"ESF","cache-control":"private","x-xss-protection":"0","x-frame-options":"SAMEORIGIN","x-content-type-options":"nosniff","server-timing":"gfet4t7; dur=708","alt-svc":"h3=\":443\"; ma=2592000,h3-29=\":443\"; ma=2592000,h3-T051=\":443\"; ma=2592000,h3-Q050=\":443\"; ma=2592000,h3-Q046=\":443\"; ma=2592000,h3-Q043=\":443\"; ma=2592000,quic=\":443\"; ma=2592000; v=\"46,43\"","accept-ranges":"none","transfer-encoding":"chunked"}
[debug] [2021-10-17T14:33:26.409Z] > refreshing access token with scopes: []
[debug] [2021-10-17T14:33:26.409Z] >>> HTTP REQUEST POST https://www.googleapis.com/oauth2/v3/token  
 <request body omitted>
[debug] [2021-10-17T14:33:26.553Z] <<< HTTP RESPONSE 200 {"expires":"Mon, 01 Jan 1990 00:00:00 GMT","date":"Sun, 17 Oct 2021 14:31:13 GMT","pragma":"no-cache","cache-control":"no-cache, no-store, max-age=0, must-revalidate","content-type":"application/json; charset=utf-8","vary":"X-Origin, Referer, Origin,Accept-Encoding","server":"scaffolding on HTTPServer2","x-xss-protection":"0","x-frame-options":"SAMEORIGIN","x-content-type-options":"nosniff","alt-svc":"h3=\":443\"; ma=2592000,h3-29=\":443\"; ma=2592000,h3-T051=\":443\"; ma=2592000,h3-Q050=\":443\"; ma=2592000,h3-Q046=\":443\"; ma=2592000,h3-Q043=\":443\"; ma=2592000,quic=\":443\"; ma=2592000; v=\"46,43\"","accept-ranges":"none","transfer-encoding":"chunked"}
[debug] [2021-10-17T14:33:26.637Z] >>> [apiv2][query] GET https://firebase.googleapis.com/v1beta1/projects/calculator-ibu [none]
[debug] [2021-10-17T14:33:26.986Z] <<< [apiv2][status] GET https://firebase.googleapis.com/v1beta1/projects/calculator-ibu 200
[debug] [2021-10-17T14:33:26.987Z] <<< [apiv2][body] GET https://firebase.googleapis.com/v1beta1/projects/calculator-ibu {"projectId":"calculator-ibu","projectNumber":"425290532859","displayName":"Calc IBU","name":"projects/calculator-ibu","resources":{"hostingSite":"calculator-ibu"},"state":"ACTIVE"}
[info] 
[info] === Deploying to 'calculator-ibu'...
[info] 
[info] i  deploying hosting 
[debug] [2021-10-17T14:33:26.997Z] > refreshing access token with scopes: ["email","https://www.googleapis.com/auth/cloud-platform","https://www.googleapis.com/auth/cloudplatformprojects.readonly","https://www.googleapis.com/auth/firebase","openid"]
[debug] [2021-10-17T14:33:26.997Z] >>> HTTP REQUEST POST https://www.googleapis.com/oauth2/v3/token  
 <request body omitted>
[debug] [2021-10-17T14:33:27.132Z] <<< HTTP RESPONSE 200 {"cache-control":"no-cache, no-store, max-age=0, must-revalidate","date":"Sun, 17 Oct 2021 14:31:14 GMT","expires":"Mon, 01 Jan 1990 00:00:00 GMT","pragma":"no-cache","content-type":"application/json; charset=utf-8","vary":"X-Origin, Referer, Origin,Accept-Encoding","server":"scaffolding on HTTPServer2","x-xss-protection":"0","x-frame-options":"SAMEORIGIN","x-content-type-options":"nosniff","alt-svc":"h3=\":443\"; ma=2592000,h3-29=\":443\"; ma=2592000,h3-T051=\":443\"; ma=2592000,h3-Q050=\":443\"; ma=2592000,h3-Q046=\":443\"; ma=2592000,h3-Q043=\":443\"; ma=2592000,quic=\":443\"; ma=2592000; v=\"46,43\"","accept-ranges":"none","transfer-encoding":"chunked"}
[debug] [2021-10-17T14:33:27.232Z] >>> HTTP REQUEST POST https://firebasehosting.googleapis.com/v1beta1/sites/calculator-ibu/versions  
 {"config":{"rewrites":[{"glob":"**","path":"/index.html"}]},"labels":{"deployment-tool":"cli-firebase"}}
[debug] [2021-10-17T14:33:28.567Z] <<< HTTP RESPONSE 200 {"content-type":"application/json; charset=UTF-8","vary":"X-Origin, Referer, Origin,Accept-Encoding","date":"Sun, 17 Oct 2021 14:31:15 GMT","server":"ESF","cache-control":"private","x-xss-protection":"0","x-frame-options":"SAMEORIGIN","x-content-type-options":"nosniff","alt-svc":"h3=\":443\"; ma=2592000,h3-29=\":443\"; ma=2592000,h3-T051=\":443\"; ma=2592000,h3-Q050=\":443\"; ma=2592000,h3-Q046=\":443\"; ma=2592000,h3-Q043=\":443\"; ma=2592000,quic=\":443\"; ma=2592000; v=\"46,43\"","accept-ranges":"none","transfer-encoding":"chunked"}
[info] i  hosting[calculator-ibu]: beginning deploy... 
[info] i  hosting[calculator-ibu]: found 14 files in build 
[debug] [2021-10-17T14:33:28.605Z] > refreshing access token with scopes: []
[debug] [2021-10-17T14:33:28.605Z] >>> HTTP REQUEST POST https://www.googleapis.com/oauth2/v3/token  
 <request body omitted>
[debug] [2021-10-17T14:33:28.609Z] [hosting] hash cache [YnVpbGQ] stored for 14 files
[debug] [2021-10-17T14:33:28.609Z] [hosting][hash queue][FINAL] {"max":3,"min":0,"avg":0,"active":0,"complete":14,"success":14,"errored":0,"retried":0,"total":14,"elapsed":9}
[debug] [2021-10-17T14:33:28.740Z] <<< HTTP RESPONSE 200 {"date":"Sun, 17 Oct 2021 14:31:16 GMT","pragma":"no-cache","expires":"Mon, 01 Jan 1990 00:00:00 GMT","cache-control":"no-cache, no-store, max-age=0, must-revalidate","content-type":"application/json; charset=utf-8","vary":"X-Origin, Referer, Origin,Accept-Encoding","server":"scaffolding on HTTPServer2","x-xss-protection":"0","x-frame-options":"SAMEORIGIN","x-content-type-options":"nosniff","alt-svc":"h3=\":443\"; ma=2592000,h3-29=\":443\"; ma=2592000,h3-T051=\":443\"; ma=2592000,h3-Q050=\":443\"; ma=2592000,h3-Q046=\":443\"; ma=2592000,h3-Q043=\":443\"; ma=2592000,quic=\":443\"; ma=2592000; v=\"46,43\"","accept-ranges":"none","transfer-encoding":"chunked"}
[debug] [2021-10-17T14:33:28.825Z] >>> [apiv2][query] POST https://firebasehosting.googleapis.com/v1beta1/sites/calculator-ibu/versions/82df26c8023790ec:populateFiles [none]
[debug] [2021-10-17T14:33:28.826Z] >>> [apiv2][body] POST https://firebasehosting.googleapis.com/v1beta1/sites/calculator-ibu/versions/82df26c8023790ec:populateFiles {"files":{"/asset-manifest.json":"819bd5ed64202f2a6e02312e225a76a5e5c6a5067576022c89baf6d56fcd86a0","/favicon.ico":"506b711ebacbd2ea7e5c16cfd7aa9c0967e7005916d652de30c6c225bb4ffa80","/index.html":"1e90317c5136c65b5b860916ec303da9a1dbd154b83efae5c5efae4b333d5ece","/manifest.json":"aff3449bdc238776f5d6d967f19ec491b36aed5fb7f23ccff6500736fd58494a","/robots.txt":"bfe106a3fb878dc83461c86818bf74fc1bdc7f28538ba613cd3e775516ce8b49","/static/css/main.7bb080fe.chunk.css":"bc628b02be7d30656b09eefec91656b8e258944a6b2096c39e3e588227c1199d","/static/css/main.7bb080fe.chunk.css.map":"44b54065df50e3abb1376069ba9d286d5e1964991dcbc3c6f34398da9590861d","/static/js/2.d3101800.chunk.js":"519faa295e11d946b40561baa5df8746eba9df6fc388bcb89488b6b6bf54a0f9","/static/js/2.d3101800.chunk.js.LICENSE.txt":"344f60d92805a3f6078799efe3001c0746af425c166ecf1779b9a58f0ef566af","/static/js/2.d3101800.chunk.js.map":"9a40e58f33f54c1d4a1a307e8ab9d519a0de071b1957336e0f90018f71b0b82b","/static/js/main.96dfa359.chunk.js":"28a8bca7bc7e05f3346b642f3e9a7c5f8c878e8e4a5e59f7adcd92adbeb69f62","/static/js/main.96dfa359.chunk.js.map":"970d8a1778c3470c7e3df6926ddda41044fcb66441933c11f419d4ca1938468e","/static/js/runtime-main.02cbbcac.js":"9be3f4808ee2056b3cbf4bf14f7f9b7df745595762007d692f603ced03e533f9","/static/js/runtime-main.02cbbcac.js.map":"4923c2177f31a1d37b192d6c8bfd0daf04f8d9f23e91aa1d179727f47388cc28"}}
